1518558000238	geckodriver	INFO	geckodriver 0.19.1
1518558000243	geckodriver	INFO	Listening on 127.0.0.1:49607
1518558003327	mozrunner::runner	INFO	Running command: "C:\\Program Files (x86)\\Mozilla Firefox\\firefox.exe" "-marionette" "-profile" "C:\\Users\\Facundo\\AppData\\Local\\Temp\\rust_mozprofile.vvjLHPrFgNRx"
1518558004401	Marionette	INFO	Enabled via --marionette
1518558008501	Marionette	INFO	Listening on port 49615
1518558008561	Marionette	WARN	TLS certificate errors will be ignored for this session
Unable to read VR Path Registry from C:\Users\Facundo\AppData\Local\openvr\openvrpaths.vrpath
[Parent 8168, Gecko_IOThread] WARNING: pipe error: 109: file z:/build/build/src/ipc/chromium/src/chrome/common/ipc_channel_win.cc, line 346
[Parent 8168, Gecko_IOThread] WARNING: pipe error: 109: file z:/build/build/src/ip1518558054386	Marionette	INFO	Enabled via --marionette
1518558057217	Marionette	INFO	Listening on port 49647
1518558057408	Marionette	WARN	TLS certificate errors will be ignored for this session
Unable to read VR Path Registry from C:\Users\Facundo\AppData\Local\openvr\openvrpaths.vrpath
[Parent 1960, Gecko_IOThread] WARNING: pipe error: 109: file z:/build/build/src/ipc/chromium/src/chrome/common/ipc_channel_win.cc, line 346
Unable to read VR Path Registry from C:\Users\Facundo\AppData\Local\openvr\openvrpaths.vrpath
[Child 8140, Chrome_ChildThread] WARNING: pipe error: 109: file z:/build/build/src/ipc/chromium/src/chrome/common/ipc_channel_win.cc, line 346
ne 346
[Child 8412, Chrome_ChildThread] WARNING: pipe error: 109: file z:/build/build/src/ipc/chromium/src/chrome/common/ipc_channel_win.cc, line 346
*** UTM:SVC TimerManager:registerTimer called after profile-before-change notification. Ignoring timer registration for id: telemetry_modules_ping
Unable to read VR Path Registry from C:\Users\Facundo\AppData\Local\openvr\openvrpaths.vrpath
[GPU 6644, Chrome_ChildThread] WARNING: pipe error: 109: file z:/build/build/src/ipc/chromium/src/chrome/common/ipc_channel_win.cc, line 346

###!!! [Child][MessageChannel::SendAndWait] Error: Channel error: cannot send/recv

1518558130482	geckodriver	INFO	geckodriver 0.19.1
1518558130482	geckodriver	INFO	Listening on 127.0.0.1:50499
1518558133616	mozrunner::runner	INFO	Running command: "C:\\Program Files (x86)\\Mozilla Firefox\\firefox.exe" "-marionette" "-profile" "C:\\Users\\Facundo\\AppData\\Local\\Temp\\rust_mozprofile.QvmKGO9Pwmvs"
1518558134357	Marionette	INFO	Enabled via --marionette
1518558137565	Marionette	INFO	Listening on port 50507
1518558137827	Marionette	WARN	TLS certificate errors will be ignored for this session
1518558273523	geckodriver	INFO	geckodriver 0.19.1
1518558273523	geckodriver	INFO	Listening on 127.0.0.1:51364
1518558276630	mozrunner::runner	INFO	Running command: "C:\\Program Files (x86)\\Mozilla Firefox\\firefox.exe" "-marionette" "-profile" "C:\\Users\\Facundo\\AppData\\Local\\Temp\\rust_mozprofile.50bdFGdzbwTK"
1518558277598	Marionette	INFO	Enabled via --marionette
1518558280726	Marionette	INFO	Listening on port 51372
1518558280840	Marionette	WARN	TLS certificate errors will be ignored for this session
1518558493647	geckodriver	INFO	geckodriver 0.19.1
1518558493662	geckodriver	INFO	Listening on 127.0.0.1:51509
1518558496775	mozrunner::runner	INFO	Running command: "C:\\Program Files (x86)\\Mozilla Firefox\\firefox.exe" "-marionette" "-profile" "C:\\Users\\Facundo\\AppData\\Local\\Temp\\rust_mozprofile.3BUloOsDV2jB"
1518558497584	Marionette	INFO	Enabled via --marionette
1518558500308	Marionette	INFO	Listening on port 51518
1518558500473	Marionette	WARN	TLS certificate errors will be ignored for this session
Unable to read VR Path Registry from C:\Users\Facundo\AppData\Local\openvr\openvrpaths.vrpath
[Child 8844, Chrome_ChildThread] WARNING: pipe error: 109: file z:/build/build/src/ipc/chromium/src/chrome/common/ipc_channel_win.cc, line 346
[Child 8844, Chrome_ChildThread] WARNING: pipe error: 109: file z:/build/build/src/ipc/chromium/src/chrome/common/ipc_channel_win.cc, line 346
Unable to read VR Path Registry from C:\Users\Facundo\AppData\Local\openvr\openvrpaths.vrpath
[Child 8268, Chrome_ChildThread] WARNING: pipe error: 109: file z:/build/build/src/ipc/chromium/src/chrome/common/ipc_channel_win.cc, line 346
[Child 8268, Chrome_ChildThread] WARNING: pipe error: 109: file z:/build/build/src/ipc/chromium/src/chrome/common/ipc_channel_win.cc, line 346
Unable to read VR Path Registry from C:\Users\Facundo\AppData\Local\openvr\openvrpaths.vrpath
[Child 8288, Chrome_ChildThread] WARNING: pipe error: 109: file z:/build/build/src/ipc/chromium/src/chrome/common/ipc_channel_win.cc, line 346
Unable to read VR Path Registry from C:\Users\Facundo\AppData\Local\openvr\openvrpaths.vrpath
[GPU 1956, Chrome_ChildThread] WARNING: pipe error: 109: file z:/build/build/src/ipc/chromium/src/chrome/common/ipc_channel_win.cc, line 346

###!!! [Child][MessageChannel::SendAndWait] Error: Channel error: cannot send/recv

Unable to read VR Path Registry from C:\Users\Facundo\AppData\Local\openvr\openvrpaths.vrpath
1518558567954	geckodriver	INFO	geckodriver 0.19.1
1518558567954	geckodriver	INFO	Listening on 127.0.0.1:51585
1518558571078	mozrunner::runner	INFO	Running command: "C:\\Program Files (x86)\\Mozilla Firefox\\firefox.exe" "-marionette" "-profile" "C:\\Users\\Facundo\\AppData\\Local\\Temp\\rust_mozprofile.avg0uoHO9BFY"
1518558571995	Marionette	INFO	Enabled via --marionette
1518558575754	Marionette	INFO	Listening on port 51593
1518558577904	Marionette	WARN	TLS certificate errors will be ignored for this session
Unable to read VR Path Registry from C:\Users\Facundo\AppData\Local\openvr\openvrpaths.vrpath
[Parent 7676, Gecko_IOThread] WARNING: pipe error: 109: file z:/build/build/src/ipc/chromium/src/chrome/common/ipc_channel_win.cc, line 346
[Parent 7676, Gecko_IOThread] WARNING: pipe error: 109: file z:/build/build/src/ipc/chromium/src/chrome/common/ipc_channel_win.cc, line 346
Unable to read VR Path Registry from C:\Users\Facundo\AppData\Local\openvr\openvrpaths.vrpath
[Child 6312, Chrome_ChildThread] WARNING: pipe error: 109: file z:/build/build/src/ipc/chromium/src/chrome/common/ipc_channel_win.cc, line 346
[Child 6312, Chrome_ChildThread] WARNING: pipe error: 109: file z:/build/build/src/ipc/chromium/src/chrome/common/ipc_channel_win.cc, line 346
Unable to read VR Path Registry from C:\Users\Facundo\AppData\Local\openvr\openvrpaths.vrpath
[Child 7396, Chrome_ChildThread] WARNING: pipe error: 109: file z:/build/build/src/ipc/chromium/src/chrome/common/ipc_channel_win.cc, line 346
Unable to read VR Path Registry from C:\Users\Facundo\AppData\Local\openvr\openvrpaths.vrpath
[Child 2196, Chrome_ChildThread] WARNING: pipe error: 109: file z:/build/build/src/ipc/chromium/src/chrome/common/ipc_channel_win.cc, line 346
[Child 2196, Chrome_ChildThread] WARNING: pipe error: 109: file z:/build/build/src/ipc/chromium/src/chrome/common/ipc_channel_win.cc, line 346

###!!! [Child][MessageChannel::SendAndWait] Error: Channel error: cannot send/recv

/chrome/common/ipc_channel_win.cc, line 346
[Child 7780, Chrome_ChildThread] WARNING: pipe error: 109: file z:/build/build/src/ipc/chromium/src/chrome/common/ipc_channel_win.cc, line 346
Unable to read VR Path Registry from C:\Users\Facundo\AppData\Local\openvr\openvrpaths.vrpath
[Child 7116, Chrome_ChildThread] WARNING: pipe error: 109: file z:/build/build/src/ipc/chromium/src/chrome/common/ipc_channel_win.cc, line 346
*** UTM:SVC TimerManager:registerTimer called after profile-before-change notification. Ignoring timer registration for id: telemetry_modules_ping
Unable to read VR Path Registry from C:\Users\Facundo\AppData\Local\openvr\openvrpaths.vrpath
[GPU 7792, Chrome_ChildThread] WARNING: pipe error: 109: file z:/build/build/src/ipc/chromium/src/chrome/common/ipc_channel_win.cc, line 346

###!!! [Child][MessageChannel::SendAndWait] Error: Channel error: cannot send/recv

1518558747077	geckodriver	INFO	geckodriver 0.19.1
1518558747077	geckodriver	INFO	Listening on 127.0.0.1:51775
1518558750207	mozrunner::runner	INFO	Running command: "C:\\Program Files (x86)\\Mozilla Firefox\\firefox.exe" "-marionette" "-profile" "C:\\Users\\Facundo\\AppData\\Local\\Temp\\rust_mozprofile.0COnctzIH60G"
1518558750986	Marionette	INFO	Enabled via --marionette
1518558754055	Marionette	INFO	Listening on port 51783
1518558754383	Marionette	WARN	TLS certificate errors will be ignored for this session
Unable to read VR Path Registry from C:\Users\Facundo\AppData\Local\openvr\openvrpaths.vrpath
[Child 5316, Ch1518558794598	mozrunner::runner	INFO	Running command: "C:\\Program Files (x86)\\Mozilla Firefox\\firefox.exe" "-marionette" "-profile" "C:\\Users\\Facundo\\AppData\\Local\\Temp\\rust_mozprofile.G7gyXnbuOeGc"
1518558795372	Marionette	INFO	Enabled via --marionette
1518558797781	Marionette	INFO	Listening on port 51855
1518558798685	Marionette	WARN	TLS certificate errors will be ignored for this session
Unable to read VR Path Registry from C:\Users\Facundo\AppData\Local\openvr\openvrpaths.vrpath
[Parent 452, Gecko_IOThread] WARNING: pipe error: 109: file z:/build/build/src/ipc/chromium/src/chrome/common/ipc_channel_win.cc, line 346
Unable to read VR Path Registry from C:\Users\Facundo\AppData\Local\openvr\openvrpaths.vrpath
[Child 7468, Chrome_ChildThread] WARNING: pipe error: 109: file z:/build/build/src/ipc/chromium/src/chrome/common/ipc_channel_win.cc, line 346
[Child 7468, Chrome_ChildThread] WARNING: pipe error: 109: file z:/build/build/src/ipc/chromium/src/chrome/common/ipc_channel_win.cc, line 346
Unable to read VR Path Registry from C:\Users\Facundo\AppData\Local\openvr\openvrpaths.vrpath
[Child 8732, Chrome_ChildThread] WARNING: pipe error: 109: file z:/build/build/src/ipc/chromium/src/chrome/common/ipc_channel_win.cc, line 346
[Child 8732, Chrome_ChildThread] WARNING: pipe error: 109: file z:/build/build/src/ipc/chromium/src/chrome/common/ipc_channel_win.cc, line 346
Unabl1518558873093	Marionette	INFO	Enabled via --marionette
1518558876528	Marionette	INFO	Listening on port 51934
1518558877740	Marionette	WARN	TLS certificate errors will be ignored for this session
Unable to read VR Path Registry from C:\Users\Facundo\AppData\Local\openvr\openvrpaths.vrpath
[Parent 5316, Gecko_IOThread] WARNING: pipe error: 109: file z:/build/build/src/ipc/chromium/src/chrome/common/ipc_channel_win.cc, line 346
[Parent 5316, Gecko_IOThread] WARNING: pipe error: 109: file z:/build/build/src/ipc/chromium/src/chrome/common/ipc_channel_win.cc, line 346
Unable to read VR Path Registry from C:\Users\Facundo\AppData\Local\openvr\openvrpaths.vrpath
[Child 6200, Chrome_ChildThread] WARNING: pipe error: 109: file z:/build/build/src/ipc/chromium/src/chrome/common/ipc_channel_win.cc, line 346
[Child 6200, Chrome_ChUnable to read VR Path Registry from C:\Users\Facundo\AppData\Local\openvr\openvrpaths.vrpath
[Child 9560, Chrome_ChildThread] WARNING: pipe error: 109: file z:/build/build/src/ipc/chromium/src/chrome/common/ipc_channel_win.cc, line 346
[Child 9560, Chrome_ChildThread] WARNING: pipe error: 109: file z:/build/build/src/ipc/chromium/src/chrome/common/ipc_channel_win.cc, line 346
Unable to read VR Path Registry from C:\Users\Facundo\AppData\Local\openvr\openvrpaths.vrpath
[Parent 6832, Gecko_IOThread] WARNING: pipe error: 109: file z:/build/build/src/ipc/chromium/src/chrome/common/ipc_channel_win.cc, line 346
Unable to read VR Path Registry from C:\Users\Facundo\AppData\Local\openvr\openvrpaths.vrpath
[Child 3624, Chrome_ChildThread] WARNING: pipe error: 109: file z:/build/build/src/ipc/chromium/src/chrome/common/ipc_channel_win.cc, line 346
[Child 3624, Chrome_ChildThread] WARNING: pipe error: 109: file z:/build/build/src/ipc/chromium/src/chrome/common/ipc_channel_win.cc, line 346
Unable to read VR Path Registry from C:\Users\Facundo\AppData\Local\openvr\openvrpaths.vrpath
[Child 4960, Chrome_ChildThread] WARNING: pipe error: 109: file z:/build/build/src/ipc/chromium/src/chrome/common/ipc_channel_win.cc, line 346
*** UTM:SVC TimerManager:registerTimer called after profile-before-change notification. Ignoring timer registration for id: telemetry_modules_ping

###!!! [Child][MessageChannel::SendAndWait] Error: Channel error: cannot send/recv

1518559280234	geckodriver	INFO	geckodriver 0.19.1
1518559280234	geckodriver	INFO	Listening on 127.0.0.1:52119
1518559283402	mozrunner::runner	INFO	Running command: "C:\\Program Files (x86)\\Mozilla Firefox\\firefox.exe" "-marionette" "-profile" "C:\\Users\\Facundo\\AppData\\Local\\Temp\\rust_mozprofile.TeHXm411zB1A"
1518559283998	Marionette	INFO	Enabled via --marionette
1518559286820	Marionette	INFO	Listening on port 52127
1518559287103	Marionette	WARN	TLS certificate errors will be ignored for this session
Unable to read VR Path Registry from C:\Users\Facundo\AppData\Local\openvr\openvrpaths.vrpath
[Child 6904, Chrome_ChildThread] WARNING: pipe error: 109: file z:/build/build/src/ipc/chromium/src/chrome/common/ipc_channel_win.cc, line 346
[Child 6904, Chrome_ChildThread] WARNING: pipe error: 109: file z:/build/build/src/ipc/chromium/src/chrome/common/ipc_channel_win.cc, line 346
Unable to read VR Path Registry from C:\Users\Facundo\AppData\Local\openvr\openvrpaths.vrpath
[Child 8732, Chrome_ChildThread] WARNING: pipe error: 109: file z:/build/build/src/ipc/chromium/src/chrome/common/ipc_channel_win.cc, line 346
[Child 8732, Chrome_ChildThread] WARNING: pipe error: 109: file z:/build/build/src/ipc/chromium/src/chrome/common/ipc_channel_win.cc, line 346
Unable to read VR Path Registry from C:\Users\Facundo\AppData\Local\openvr\openvrpaths.vrpath
[Child 3068, Chrome_ChildThread] WARNING: pipe error: 109: file z:/build/build/src/ipc/chromium/src/chrome/common/ipc_channel_win.cc, line 346
[Child 3068, Chrome_ChildThread] WARNING: pipe error: 109: file z:/build/build/src/ipc/chromium/src/chrome/common/ipc_channel_win.cc, line 346
Unable to read VR Path Registry from C:\Users\Facundo\AppData\Local\openvr\openvrpaths.vrpath
[GPU 7432, Chrome_ChildThread] WARNING: pipe error: 109: file z:/build/build/src/ipc/chromium/src/chrome/common/ipc_channel_win.cc, line 346

###!!! [Child][MessageChannel::SendAndWait] Error: Channel error: cannot send/recv

Unable to read VR Path Registry from C:\Users\Facundo\AppData\Local\openvr\openvrpaths.vrpath
1518559458511	geckodriver	INFO	geckodriver 0.19.1
1518559458526	geckodriver	INFO	Listening on 127.0.0.1:52198
1518559461666	mozrunner::runner	INFO	Running command: "C:\\Program Files (x86)\\Mozilla Firefox\\firefox.exe" "-marionette" "-profile" "C:\\Users\\Facundo\\AppData\\Local\\Temp\\rust_mozprofile.WG5lpRZgtMc2"
1518559462333	Marionette	INFO	Enabled via --marionette
1518559466171	Marionette	INFO	Listening on port 52206
1518559467540	Marionette	WARN	TLS certificate errors will be ignored for this session
1518559491622	geckodriver	INFO	geckodriver 0.19.1
1518559491622	geckodriver	INFO	Listening on 127.0.0.1:52289
1518559494773	mozrunner::runner	INFO	Running command: "C:\\Program Files (x86)\\Mozilla Firefox\\firefox.exe" "-marionette" "-profile" "C:\\Users\\Facundo\\AppData\\Local\\Temp\\rust_mozprofile.9SOj6eircC6t"
1518559495416	Marionette	INFO	Enabled via --marionette
1518559498142	Marionette	INFO	Listening on port 52297
1518559498473	Marionette	WARN	TLS certificate errors will be ignored for this session
1518559653812	geckodriver	INFO	geckodriver 0.19.1
1518559653812	geckodriver	INFO	Listening on 127.0.0.1:52433
1518559656963	mozrunner::runner	INFO	Running command: "C:\\Program Files (x86)\\Mozilla Firefox\\firefox.exe" "-marionette" "-profile" "C:\\Users\\Facundo\\AppData\\Local\\Temp\\rust_mozprofile.lqayJPSDlu0i"
1518559657614	Marionette	INFO	Enabled via --marionette
1518559660882	Marionette	INFO	Listening on port 52441
1518559661182	Marionette	WARN	TLS certificate errors will be ignored for this session
Unable to read VR Path Registry from C:\Users\Facundo\AppData\Local\openvr\openvrpaths.vrpath
[Child 10220, Chrome_ChildThread] WARNING: pipe error: 109: file z:/build/build/src/ipc/chromium/src/chrome/common/ipc_channel_win.cc, line 346
[Child 10220, Chrome_ChildThread] WARNING: pipe error: 109: file z:/build/build/src/ipc/chromium/src/chrome/common/ipc_channel_win.cc,1518559697107	Marionette	INFO	Listening on port 52502
1518559697525	Marionette	WARN	TLS certificate errors will be ignored for this session
NING: pipe error: 109: file z:/build/build/src/ipc/chromium/src/chrome/common/ipc_channel_win.cc, line 346
[Child 6764, Chrome_ChildThread] WARNING: pipe error: 109: file z:/build/build/src/ipc/chromium/src/chrome/common/ipc_channel_win.cc, line 346
*** UTM:SVC TimerManager:registerTimer called after profile-before-change notification. Ignoring timer registration for id: telemetry_modules_ping

###!!! [Child][MessageChannel::SendAndWait] Error: Channel error: cannot send/recv

Unable to read VR Path Registry from C:\Users\Facundo\AppData\Local\openvr\openvrpaths.vrpath
1518559824388	geckodriver	INFO	geckodriver 0.19.1
1518559824388	geckodriver	INFO	Listening on 127.0.0.1:52637
1518559827508	mozrunner::runner	INFO	Running command: "C:\\Program Files (x86)\\Mozilla Firefox\\firefox.exe" "-marionette" "-profile" "C:\\Users\\Facundo\\AppData\\Local\\Temp\\rust_mozprofile.4nIdgXOW99Jv"
1518559828141	Marionette	INFO	Enabled via --marionette
1518559831116	Marionette	INFO	Listening on port 52645
1518559831298	Marionette	WARN	TLS certificate errors will be ignored for this session
1518559881683	geckodriver	INFO	geckodriver 0.19.1
1518559881698	geckodriver	INFO	Listening on 127.0.0.1:52779
1518559884803	mozrunner::runner	INFO	Running command: "C:\\Program Files (x86)\\Mozilla Firefox\\firefox.exe" "-marionette" "-profile" "C:\\Users\\Facundo\\AppData\\Local\\Temp\\rust_mozprofile.FNVNv5XVWIBF"
1518559885472	Marionette	INFO	Enabled via --marionette
1518559887822	Marionette	INFO	Listening on port 52787
1518559887980	Marionette	WARN	TLS certificate errors will be ignored for this session
Unable to read VR Path Registry from C:\Users\Facundo\AppData\Local\openvr\openvrpaths.vrpath
[Parent 6480, G1518560018188	mozrunner::runner	INFO	Running command: "C:\\Program Files (x86)\\Mozilla Firefox\\firefox.exe" "-marionette" "-profile" "C:\\Users\\Facundo\\AppData\\Local\\Temp\\rust_mozprofile.bi5gKlkdk38Q"
1518560018907	Marionette	INFO	Enabled via --marionette
1518560022290	Marionette	INFO	Listening on port 52936
1518560022391	Marionette	WARN	TLS certificate errors will be ignored for this session
Unable to read VR Path Registry from C:\Users\Facundo\AppData\Local\openvr\openvrpaths.vrpath
[Parent 10956, Gecko_IOThread] WARNING: pipe error: 109: file z:/build/build/src/ipc/chromium/src/chrome/common/ipc_channel_win.cc, line 346
[Parent 10956, Gecko_IOThread] WARNING: pipe error: 109: file z:/build/build/src/ipc/chromium/src/chrome/common/ipc_channel_win.cc, line 346
Unable to read VR Path Registry from C:\Users\Facundo\AppData\Local\openvr\openvrpaths.vrpath
[Child 9652, Chrome_ChildThread] WARNING: pipe error: 109: file z:/build/build/src/ipc/chromium/src/chrome/common/ipc_channel_win.cc, line 346
[Child 9652, Chrome_ChildThread] WARNING: pipe error: 109: file z:1518560076269	mozrunner::runner	INFO	Running command: "C:\\Program Files (x86)\\Mozilla Firefox\\firefox.exe" "-marionette" "-profile" "C:\\Users\\Facundo\\AppData\\Local\\Temp\\rust_mozprofile.8qmWIMAnfvyY"
1518560076956	Marionette	INFO	Enabled via --marionette
1518560080082	Marionette	INFO	Listening on port 53081
1518560080548	Marionette	WARN	TLS certificate errors will be ignored for this session
Unable to read VR Path Registry from C:\Users\Facundo\AppData\Local\openvr\openvrpaths.vrpath
[GPU 10892, Chrome_ChildThread] WARNING: pipe error: 109: file z:/build/build/src/ipc/chromium/src/chrome/common/ipc_channel_win.cc, line 346

###!!! [Child][MessageChannel::SendAndWait] Error: Channel error: cannot send/recv

Unable to read VR Path Registry from C:\Users\Facundo\AppData\Local\openvr\openvrpaths.vrpath
in.cc, line 346
*** UTM:SVC TimerManager:registerTimer called after profile-before-change notification. Ignoring timer registration for id: telemetry_modules_ping
Unable to read VR Path Registry from C:\Users\Facundo\AppData\Local\openvr\openvrpaths.vrpath
[GPU 11180, Chrome_ChildThread] WARNING: pipe error: 109: file z:/build/build/src/ipc/chromium/src/chrome/common/ipc_channel_win.cc, line 346

###!!! [Child][MessageChannel::SendAndWait] Error: Channel error: cannot send/recv

1518560180331	geckodriver	INFO	geckodriver 0.19.1
1518560180331	geckodriver	INFO	Listening on 127.0.0.1:53224
1518560183453	mozrunner::runner	INFO	Running command: "C:\\Program Files (x86)\\Mozilla Firefox\\firefox.exe" "-marionette" "-profile" "C:\\Users\\Facundo\\AppData\\Local\\Temp\\rust_mozprofile.rS5lwbiAtj6X"
1518560184192	Marionette	INFO	Enabled via --marionette
1518560186688	Marionette	INFO	Listening on port 53232
1518560187119	Marionette	WARN	TLS certificate errors will be ignored for this session
Unable to read VR Path Registry from C:\Users\Facundo\AppData\Local\openvr\openvrpaths.vrpath
[Child 11408, Chrome_ChildThread] WARNING: pipe error: 109: file z:/build/build/src/ipc/chromium/src/chrome/common/ipc_channel_win.cc, line 346
[Child 11408, Chrome_ChildThread] WARNING: pipe error: 109: file z:/build/build/src/ipc/chromium/src/chrome/common/ipc_channel_win.cc, line 346
Unable to read VR Path Registry from C:\Users\Facundo\AppData\Local\openvr\openvrpaths.vrpath
[Child 7536, Chrome_ChildThread] WARNING: pipe error: 109: file z:/build/build/src/ipc/chromium/src/chrome/common/ipc_channel_win.cc, line 346
[Child 7536, Chrome_ChildThread] WARNING: pipe error: 109: file z:/build/build/src/ipc/chromium/src/chrome/common/ipc_channel_win.cc, line 346
*** UTM:SVC TimerManager:registerTimer called after profile-before-change notification. Ignoring timer registration for id: telemetry_modules_ping
Unable to read VR Path Registry from C:\Users\Facundo\AppData\Local\openvr\openvrpaths.vrpath
[GPU 8896, Chrome_ChildThread] WARNING: pipe error: 109: file z:/build/build/src/ipc/chromium/src/chrome/common/ipc_channel_win.cc, line 346

###!!! [Child][MessageChannel::SendAndWait] Error: Channel error: cannot send/recv

Unable to read VR Path Registry from C:\Users\Facundo\AppData\Local\openvr\openvrpaths.vrpath
1518560230997	geckodriver::marionette	ERROR	Failed to kill browser process
1518560237363	geckodriver	INFO	geckodriver 0.19.1
1518560237363	geckodriver	INFO	Listening on 127.0.0.1:53294
1518560240485	mozrunner::runner	INFO	Running command: "C:\\Program Files (x86)\\Mozilla Firefox\\firefox.exe" "-marionette" "-profile" "C:\\Users\\Facundo\\AppData\\Local\\Temp\\rust_mozprofile.kRXUJI1ZwAbB"
1518560241158	Marionette	INFO	Enabled via --marionette
1518560243496	Marionette	INFO	Listening on port 53302
1518560243658	Marionette	WARN	TLS certificate errors will be ignored for this session
Unable to read VR Path Registry from C:\Users\Facundo\AppData\Local\openvr\openvrpaths.vrpath
[Child 10844, Chrome_ChildThread] WARNING: pipe error: 109: file z:/build/build/src/ipc/chromium/src/chrome/common/ipc_channel_win.cc, line 346
[Child 10844, Chrome_ChildThread] WARNING: pipe error: 109: file z:/build/build/src/ipc/chromium/src/chrome/common/ipc_channel_win.cc, line 346
Unable to read VR Path Registry from C:\Users\Facundo\AppData\Local\openvr\openvrpaths.vrpath
[Child 9644, Chrome_ChildThread] WARUnable to read VR Path Registry from C:\Users\Facundo\AppData\Local\openvr\openvrpaths.vrpath
[Parent 10672, Gecko_IOThread] WARNING: pipe error: 109: file z:/build/build/src/ipc/chromium/src/chrome/common/ipc_channel_win.cc, line 346
Unable to read VR Path Registry from C:\Users\Facundo\AppData\Local\openvr\openvrpaths.vrpath
[Child 7088, Chrome_ChildThread] WARNING: pipe error: 109: file z:/build/build/src/ipc/chromium/src/chrome/common/ipc_channel_win.cc, line 346
Unable to read VR Path Registry from C:\Users\Facundo\AppData\Local\openvr\openvrpaths.vrpath
[Child 7960, Chrome_ChildThread] WARNING: pipe error: 109: file z:/build/build/src/ipc/chromium/src/chrome/common/ipc_channel_win.cc, line 346
Unable to read VR Path Registry from C:\Users\Facundo\AppData\Local\openvr\openvrpaths.vrpath
[Child 10676, Chrome_ChildThread] WARNING: pipe error: 109: file z:/build/build/src/ipc/chromium/src/chrome/common/ipc_channel_win.cc, line 346
[Child 10676, Chrome_ChildThread] WARNING: pipe error: 109: file z:/build/build/src/ipc/chrUnable to read VR Path Registry from C:\Users\Facundo\AppData\Local\openvr\openvrpaths.vrpath
[Child 10596, Chrome_ChildThread] WARNING: pipe error: 109: file z:/build/build/src/ipc/chromium/src/chrome/common/ipc_channel_win.cc, line 346
[Child 105961518560475963	mozrunner::runner	INFO	Running command: "C:\\Program Files (x86)\\Mozilla Firefox\\firefox.exe" "-marionette" "-profile" "C:\\Users\\Facundo\\AppData\\Local\\Temp\\rust_mozprofile.s72QiC0DFJVx"
1518560476853	Marionette	INFO	Enabled via --marionette
1518560480608	Marionette	INFO	Listening on port 53512
1518560481599	Marionette	WARN	TLS certificate errors will be ignored for this session
Unable to read VR Path Registry from C:\Users\Facundo\AppData\Local\openvr\openvrpaths.vrpath
[Parent 12548, Gecko_IOThread] WARNING: pipe error: 109: file z:/build/build/src/ipc/chromium/src/chrome/common/ipc_channel_win.cc, line 346
Unable to read VR Path Registry from C:\Users\Facundo\AppData\Local\openvr\openvrpaths.vrpath
[Child 9748, Chrome_ChildThread] WARNING: pipe error: 109: file z:/build/build/src/ipc/chromium/src/chrome/common/ipc_channel_win.cc, line 346
[Child 9748, Chrome_ChildThread] WARNING: pipe error: 109: file z:/build/build/src/ipc/chromium/src/chrome/common/ipc_channel_win.cc, line 346
Unable to read VR Path Registry from C:\Users\Facundo\AppData\Local\openvr\openvrpaths.vrpath
[Child 7016, Chrome_ChildThread] WARNING: pipe error: 109: file z:/build/build/src/ipc/chromium/src/chrome/common/ipc_channel_win.cc, line 346
[Child 7016, Chrome_ChildThread] WARNING: pipe error: 109: file z:/build/build/src/ipc/chromium/src/chrome/common/ipc_channel_win.cc, line 346

###!!! [Child][MessageChannel::SendAndWait] Error: Channel error: cannot send/recv

ning on port 53573
1518560598211	Marionette	WARN	TLS certificate errors will be ignored for this session
Unable to read VR Path Registry from C:\Users\Facundo\AppData\Local\openvr\openvrpaths.vrpath
[Child 11276, Chrome_ChildThread] WARNING: pipe error: 109: file z:/build/build/src/ipc/chromium/src/chrome/common/ipc_channel_win.cc, line 346
[Child 11276, Chrome_ChildThread] WARNING: pipe error: 109: file z:/build/build/src/ipc/chromium/src/chrome/common/ipc_channel_win.cc, line 346
Unable to read VR Path Registry from C:\Users\Facundo\AppData\Local\openvr\openvrpaths.vrpath
[Parent 12968, Gecko_IOThread] WARNIUnable to read VR Path Registry from C:\Users\Facundo\AppData\Local\openvr\openvrpaths.vrpath
[Parent 12972, Gecko_IOThread] WARNING: pipe error: 109: file z:/build/build/src/ipc/chromium/src/chrome/common/ipc_channel_win.cc, line 346
[Parent 12972, Gecko_IOThread] WARNING: pipe error: 109: file z:/build/build/src/ipc/chromium/src/chrome/common/ipc_channel_win.cc, line 346
Unable to read VR Path Registry from C:\Users\Facundo\AppData\Local\openvr\openvrpaths.vrpath
[Child 12744, Chrome_ChildThread] WARNING: pipe error: 109: file z:/build/build/src/ipc/chromium/src/chrome/common/ipc_channel_win.cc, line 346
[Child 12744, Chrome_ChildThread] WARNING: pipe error: 109: file z:/build/build/src/ipc/chromium/src/chrome/common/ipc_channel_win.cc, line 346
Unable to read VR Path Registry from C:\Users\Facundo\AppData\Local\openvr\openvrpaths.vrpath
[Child 2164, Chrome_ChildThread] WARNING: pipe error: 109: file z:/build/build/src/ipc/chromium/src/chrome/common/ipc_channel_win.cc, line 346
[Child 2164, Chrome_ChildThread] WARNING: pipe error: 109: file z:/build/build/src/ipc/chromium/src/chrome/common/ipc_channel_win.cc, line 346
*** UTM:SVC TimerManager:registerTimer called after profile-before-change notification. Ignoring timer registration for id: telemetry_modules_ping

###!!! [Child][MessageChannel::SendAndWait] Error: Channel error: cannot send/recv

1518560908459	geckodriver	INFO	geckodriver 0.19.1
1518560908459	geckodriver	INFO	Listening on 127.0.0.1:53697
1518560911583	mozrunner::runner	INFO	Running command: "C:\\Program Files (x86)\\Mozilla Firefox\\firefox.exe" "-marionette" "-profile" "C:\\Users\\Facundo\\AppData\\Local\\Temp\\rust_mozprofile.Sj2IVrRmrHKD"
1518560912206	Marionette	INFO	Enabled via --marionette
1518560914923	Marionette	INFO	Listening on port 53705
1518560915267	Marionette	WARN	TLS certificate errors will be ignored for this session
Unable to read VR Path Registry from C:\Users\Facundo\AppData\Local\openvr\openvrpaths.vrpath
[Parent 14080, Gecko_IOThread] WARNING: pipe error: 109: file z:/build/build/src/ipc/chromium/src/chrome/common/ipc_channel_win.cc, line 346
Unable to read VR Path Registry from C:\Users\Facundo\AppData\Local\openvr\openvrpaths.vrpath
[Child 10624, Chrome_ChildThread] WARNING: pipe error: 109: file z:/build/build/src/ipc/chromium/src/chrome/common/ipc_channel_win.cc, line 346
[Child 10624, Chrome_ChildThread] WARNING: pipe error: 109: file z:/build/build/src/ipc/chromium/src/chrome/common/ipc_channel_win.cc, line 346
[Parent 14080, Gecko_IOThread] WARNING: pipe error: 109: file z:/build/build/src/ipc/chromium/src/chrome/common/ipc_channel_win.cc, line 346
Unable to read VR Path Registry from C:\Users\Facundo\AppData\Local\openvr\openvrpaths.vrpath
[Child 5232, Chrome_ChildThread] WARNING: pipe error: 109: file z:/build/build/src/ipc/chromium/src/chrome/common/ipc_channel_win.cc, line 346
[Child 5232, Chrome_ChildThread] WARNING: pipe error: 109: file z:/build/build/src/ipc/chromium/src/chrome/common/ipc_channel_win.cc, line 346
*** UTM:SVC TimerManager:registerTimer called after profile-before-change notification. Ignoring timer registration for id: telemetry_modules_ping

###!!! [Child][MessageChannel::SendAndWait] Error: Channel error: cannot send/recv

1518560981272	geckodriver	INFO	geckodriver 0.19.1
1518560981272	geckodriver	INFO	Listening on 127.0.0.1:53754
1518560984397	mozrunner::runner	INFO	Running command: "C:\\Program Files (x86)\\Mozilla Firefox\\firefox.exe" "-marionette" "-profile" "C:\\Users\\Facundo\\AppData\\Local\\Temp\\rust_mozprofile.AdISoP2tJ21v"
1518560985361	Marionette	INFO	Enabled via --marionette
1518560988410	Marionette	INFO	Listening on port 53762
1518560988582	Marionette	WARN	TLS certificate errors will be ignored for this session
Unable to read VR Path Registry from C:\Users\Facundo\AppData\Local\openvr\openvrpaths.vrpath
[Child 8064, Chrome_ChildThread] WARNING: pipe error: 109: file z:/build/build/src/ipc/chromium/src/chrome/common/ipc_channel_win.cc, line 346
1518561021581	geckodriver	INFO	geckodriver 0.19.1
1518561021597	geckodriver	INFO	Listening on 127.0.0.1:53812
1518561024735	mozrunner::runner	INFO	Running command: "C:\\Program Files (x86)\\Mozilla Firefox\\firefox.exe" "-marionette" "-profile" "C:\\Users\\Facundo\\AppData\\Local\\Temp\\rust_mozprofile.Dki7tQvuFGzK"
1518561025509	Marionette	INFO	Enabled via --marionette
1518561028219	Marionette	INFO	Listening on port 53820
1518561028434	Marionette	WARN	TLS certificate errors will be ignored for this session
Unable to read VR Path Registry from C:\Users\Facundo\AppData\Local\openvr\openvrpaths.vrpath
[Child 10128, Chrome_ChildThread] WARNING: pipe error: 109: file z:/build/build/src/ipc/chromium/src/chrome/common/ipc_channel_win.cc, line 346
1518561107214	geckodriver	INFO	geckodriver 0.19.1
1518561107214	geckodriver	INFO	Listening on 127.0.0.1:53871
1518561110338	mozrunner::runner	INFO	Running command: "C:\\Program Files (x86)\\Mozilla Firefox\\firefox.exe" "-marionette" "-profile" "C:\\Users\\Facundo\\AppData\\Local\\Temp\\rust_mozprofile.gp5EzBeJ8sRm"
1518561111092	Marionette	INFO	Enabled via --marionette
1518561114306	Marionette	INFO	Listening on port 53879
1518561114521	Marionette	WARN	TLS certificate errors will be ignored for this session
Unable to read VR Path Registry from C:\Users\Facundo\AppData\Local\openvr\openvrpaths.vrpath
[Child 13708, Chrome_ChildThread] WARNING: pipe error: 109: file z:/build/build/src/ipc/chromium/src/chrome/common/ipc_channel_win.cc, line 346
1518561349015	geckodriver	INFO	geckodriver 0.19.1
1518561349015	geckodriver	INFO	Listening on 127.0.0.1:53933
1518561352139	mozrunner::runner	INFO	Running command: "C:\\Program Files (x86)\\Mozilla Firefox\\firefox.exe" "-marionette" "-profile" "C:\\Users\\Facundo\\AppData\\Local\\Temp\\rust_mozprofile.35jisC78rhTF"
1518561352788	Marionette	INFO	Enabled via --marionette
1518561355085	Marionette	INFO	Listening on port 53941
1518561355312	Marionette	WARN	TLS certificate errors will be ignored for this session
Unable to read VR Path Registry from C:\Users\Facundo\AppData\Local\openvr\openvrpaths.vrpath
[Child 13776, Chrome_ChildThread] WARNING: pipe error: 109: file z:/build/build/src/ipc/chromium/src/chrome/common/ipc_channel_win.cc, line 346
1518561432358	geckodriver	INFO	geckodriver 0.19.1
1518561432373	geckodriver	INFO	Listening on 127.0.0.1:53993
1518561435512	mozrunner::runner	INFO	Running command: "C:\\Program Files (x86)\\Mozilla Firefox\\firefox.exe" "-marionette" "-profile" "C:\\Users\\Facundo\\AppData\\Local\\Temp\\rust_mozprofile.GVEEwDBsXKoS"
1518561436190	Marionette	INFO	Enabled via --marionette
1518561438800	Marionette	INFO	Listening on port 54001
1518561439188	Marionette	WARN	TLS certificate errors will be ignored for this session
Unable to read VR Path Registry from C:\Users\Facundo\AppData\Local\openvr\openvrpaths.vrpath
[Child 14280, Chrome_ChildThread] WARNING: pipe error: 109: file z:/build/build/src/ipc/chromium/src/chrome/common/ipc_channel_win.cc, line 346
1518561465621	geckodriver	INFO	geckodriver 0.19.1
1518561465637	geckodriver	INFO	Listening on 127.0.0.1:54053
1518561468745	mozrunner::runner	INFO	Running command: "C:\\Program Files (x86)\\Mozilla Firefox\\firefox.exe" "-marionette" "-profile" "C:\\Users\\Facundo\\AppData\\Local\\Temp\\rust_mozprofile.tJfrFlcCdRLX"
1518561469448	Marionette	INFO	Enabled via --marionette
1518561472162	Marionette	INFO	Listening on port 54061
1518561472428	Marionette	WARN	TLS certificate errors will be ignored for this session
1518561522917	geckodriver	INFO	geckodriver 0.19.1
1518561522917	geckodriver	INFO	Listening on 127.0.0.1:54116
1518561526054	mozrunner::runner	INFO	Running command: "C:\\Program Files (x86)\\Mozilla Firefox\\firefox.exe" "-marionette" "-profile" "C:\\Users\\Facundo\\AppData\\Local\\Temp\\rust_mozprofile.V1cdxgyQ6Iw8"
1518561526709	Marionette	INFO	Enabled via --marionette
1518561529433	Marionette	INFO	Listening on port 54124
1518561529767	Marionette	WARN	TLS certificate errors will be ignored for this session
Unable to read VR Path Registry from C:\Users\Facundo\AppData\Local\openvr\openvrpaths.vrpath
[Child 7752, Chrome_ChildThread] WARNING: pipe error: 109: file z:/build/build/src/ipc/chromium/src/chrome/common/ipc_channel_win.cc, line 346
1518562042416	geckodriver	INFO	geckodriver 0.19.1
1518562042416	geckodriver	INFO	Listening on 127.0.0.1:54625
1518562045559	mozrunner::runner	INFO	Running command: "C:\\Program Files (x86)\\Mozilla Firefox\\firefox.exe" "-marionette" "-profile" "C:\\Users\\Facundo\\AppData\\Local\\Temp\\rust_mozprofile.HM1PimqyV3Ko"
1518562046202	Marionette	INFO	Enabled via --marionette
1518562048933	Marionette	INFO	Listening on port 54633
1518562049224	Marionette	WARN	TLS certificate errors will be ignored for this session
Unable to read VR Path Registry from C:\Users\Facundo\AppData\Local\openvr\openvrpaths.vrpath
[Parent 13272, Gecko_IOThread] WARNING: pipe error: 109: file z:/build/build/src/ipc/chromium/src/chrome/common/ipc_channel_win.cc, line 346
1518562176634	geckodriver	INFO	geckodriver 0.19.1
1518562176650	geckodriver	INFO	Listening on 127.0.0.1:55121
1518562179745	mozrunner::runner	INFO	Running command: "C:\\Program Files (x86)\\Mozilla Firefox\\firefox.exe" "-marionette" "-profile" "C:\\Users\\Facundo\\AppData\\Local\\Temp\\rust_mozprofile.8IBC0nTeiGU2"
1518562180511	Marionette	INFO	Enabled via --marionette
1518562183336	Marionette	INFO	Listening on port 55129
1518562183408	Marionette	WARN	TLS certificate errors will be ignored for this session
1518562705452	geckodriver	INFO	geckodriver 0.19.1
1518562705468	geckodriver	INFO	Listening on 127.0.0.1:55942
1518562708592	mozrunner::runner	INFO	Running command: "C:\\Program Files (x86)\\Mozilla Firefox\\firefox.exe" "-marionette" "-profile" "C:\\Users\\Facundo\\AppData\\Local\\Temp\\rust_mozprofile.ZqZEzeI9kuql"
1518562709382	Marionette	INFO	Enabled via --marionette
1518562712161	Marionette	INFO	Listening on port 55950
1518562712278	Marionette	WARN	TLS certificate errors will be ignored for this session
Unable to read VR Path Registry from C:\Users\Facundo\AppData\Local\openvr\openvrpaths.vrpath
[Child 17172, Chrome_ChildThread] WARNING: pipe error: 109: file z:/build/build/src/ipc/chromium/src/chrome/common/ipc_channel_win.cc, line 346
[GFX1-]: Receive IPC close with reason=AbnormalShutdown
